

Error log timestamp 4/15/2004 10:29:05
ERROR.LOG
GPF has occurred

START
API method: OLEDLL >> invokeCoCreateInstance:_:_:_:_:
5 arguments.
5: IDispatchPointer size = 4 ( 0 0 0 0 )
4: GUID size = 16 ( 0 4 2 0 0 0 0 0 -64 0 0 0 0 0 0 70 )
3: Smalltalk integer 7 (0x00000007)
2: UndefinedObject 
1: UndefinedObject 

Stack frames:
OLEDLL (OLEDLL) >> CoCreateInstance:_:_:_:_:
 () >> createInstance:iid:controllingUnknown:context:
 () >> createObject:
 () >> newObject:
 () >> newApplication
 () >> getXdeInstalledProductNames
ExceptionHandler (ExceptionHandler) >> evaluateProtectedBlock:
ExceptionHandler (ExceptionHandler) >> activateDuring:
ProtectedFrameMarker (BlockClosure) >> setUnwind:
BlockClosure (BlockClosure) >> invisibleEnsure:
ExceptionHandler (ExceptionHandler) >> activateDuring:
 () >> handle:with:during:
BlockClosure (BlockClosure) >> on:do:
 () >> getXdeInstalledProductNames
RqOptionsDlg (RqOptionsDlg) >> initXdePreferenceCombo
RqOptionsDlg (RqOptionsDlg) >> initCtrls
RqOptionsDlg (RqResDlg) >> open:fromModule:id:
RqOptionsDlg (RqResDlg) >> open:fromModule:id:owner:
RqPreRequisiteAppNT (RqPreRequisiteApp) >> toolsOptions
RqPreRequisiteAppNT (Object) >> perform:
MenuWindow (MenuWindow) >> performMenuItem:
RqMDIFrame (ApplicationWindow) >> performMenuItem:
RqMDIFrame (RqMDIFrame) >> performMenuItem:
Message (Message) >> perform
NotificationManager (NotificationManager) >> empty
NotificationManager (NotificationManager) >> runPendingEvents
NotificationManager (NotificationManager) >> runEventLoop
Message (Message) >> perform
Message (Message) >> evaluate
Process (Process) >> safelyEvaluate:
Process (Process) >> evaluate:
SystemDictionary (SystemDictionary) >> launch
End of stack dump

The registers were:
EIP =  0x77ac10b2
ESP =  0x0012e8f4
EBP =  0x0012e910
EAX =  0x0012e9c4
EBX =  0x00000000
ECX =  0x00000001
EDX =  0x00000000
EDI =  0x77a55e48
ESI =  0x00000000
CS  =  0x0000001b
DS  =  0x00000023
ES  =  0x00000023
SS  =  0x00000023
End Registers 



Error log timestamp 4/15/2004 10:29:37
ERROR.LOG
GPF has occurred

START
API method: OLEDLL >> invokeCoCreateInstance:_:_:_:_:
5 arguments.
5: IDispatchPointer size = 4 ( 0 0 0 0 )
4: GUID size = 16 ( 0 4 2 0 0 0 0 0 -64 0 0 0 0 0 0 70 )
3: Smalltalk integer 7 (0x00000007)
2: UndefinedObject 
1: UndefinedObject 

Stack frames:
OLEDLL (OLEDLL) >> CoCreateInstance:_:_:_:_:
 () >> createInstance:iid:controllingUnknown:context:
 () >> createObject:
 () >> newObject:
 () >> newApplication
 () >> setPreference:
ExceptionHandler (ExceptionHandler) >> evaluateProtectedBlock:
ExceptionHandler (ExceptionHandler) >> activateDuring:
ProtectedFrameMarker (BlockClosure) >> setUnwind:
BlockClosure (BlockClosure) >> invisibleEnsure:
ExceptionHandler (ExceptionHandler) >> activateDuring:
 () >> handle:with:during:
BlockClosure (BlockClosure) >> on:do:
 () >> setPreference:
RqOptionsDlg (RqOptionsDlg) >> xlateXdeStartPreference
RqOptionsDlg (RqOptionsDlg) >> xlate
RqOptionsDlg (RqResDlg) >> ok
Message (Message) >> perform
NotificationManager (NotificationManager) >> empty
NotificationManager (NotificationManager) >> runPendingEvents
NotificationManager (NotificationManager) >> runEventLoop
Message (Message) >> perform
Message (Message) >> evaluate
Process (Process) >> safelyEvaluate:
Process (Process) >> evaluate:
SystemDictionary (SystemDictionary) >> launch
End of stack dump

The registers were:
EIP =  0x77ac10b2
ESP =  0x0012e9ac
EBP =  0x0012e9c8
EAX =  0x0012ea7c
EBX =  0x00000000
ECX =  0x00000001
EDX =  0x00000000
EDI =  0x77a55e48
ESI =  0x00000000
CS  =  0x0000001b
DS  =  0x00000023
ES  =  0x00000023
SS  =  0x00000023
End Registers 

